[{"line":1,"elements":[{"line":2,"name":"","description":"","type":"background","keyword":"Background","steps":[{"result":{"duration":1935541500,"status":"passed"},"line":3,"name":"Open the browser","match":{"location":"stepdefinitions.Login.open_the_browser()"},"keyword":"Given "},{"result":{"duration":5680881000,"status":"passed"},"line":4,"name":"Enter the application url","match":{"location":"stepdefinitions.Login.enter_the_application_url()"},"keyword":"And "},{"result":{"error_message":"org.openqa.selenium.NoSuchWindowException: no such window: target window already closed\nfrom unknown error: web view not found\n  (Session info: chrome=120.0.6099.109)\nBuild info: version: '4.12.1', revision: '8e34639b11'\nSystem info: os.name: 'Windows 11', os.arch: 'amd64', os.version: '10.0', java.version: '17.0.7'\nDriver info: org.openqa.selenium.chrome.ChromeDriver\nCommand: [355e2d4953d50ef4b8684bbb06fa7b21, findElement {using=xpath, value=//i[@class='fa fa-user']}]\nCapabilities {acceptInsecureCerts: false, browserName: chrome, browserVersion: 120.0.6099.109, chrome: {chromedriverVersion: 120.0.6099.71 (9729082fe617..., userDataDir: C:\\Users\\91886\\AppData\\Loca...}, fedcm:accounts: true, goog:chromeOptions: {debuggerAddress: localhost:62502}, networkConnectionEnabled: false, pageLoadStrategy: normal, platformName: windows, proxy: Proxy(), se:cdp: ws://localhost:62502/devtoo..., se:cdpVersion: 120.0.6099.109, setWindowRect: true, strictFileInteractability: false, timeouts: {implicit: 0, pageLoad: 300000, script: 30000}, unhandledPromptBehavior: dismiss and notify, webauthn:extension:credBlob: true, webauthn:extension:largeBlob: true, webauthn:extension:minPinLength: true, webauthn:extension:prf: true, webauthn:virtualAuthenticators: true}\nSession ID: 355e2d4953d50ef4b8684bbb06fa7b21\r\n\tat java.base/jdk.internal.reflect.NativeConstructorAccessorImpl.newInstance0(Native Method)\r\n\tat java.base/jdk.internal.reflect.NativeConstructorAccessorImpl.newInstance(NativeConstructorAccessorImpl.java:77)\r\n\tat java.base/jdk.internal.reflect.DelegatingConstructorAccessorImpl.newInstance(DelegatingConstructorAccessorImpl.java:45)\r\n\tat java.base/java.lang.reflect.Constructor.newInstanceWithCaller(Constructor.java:499)\r\n\tat java.base/java.lang.reflect.Constructor.newInstance(Constructor.java:480)\r\n\tat org.openqa.selenium.remote.codec.w3c.W3CHttpResponseCodec.createException(W3CHttpResponseCodec.java:200)\r\n\tat org.openqa.selenium.remote.codec.w3c.W3CHttpResponseCodec.decode(W3CHttpResponseCodec.java:133)\r\n\tat org.openqa.selenium.remote.codec.w3c.W3CHttpResponseCodec.decode(W3CHttpResponseCodec.java:52)\r\n\tat org.openqa.selenium.remote.HttpCommandExecutor.execute(HttpCommandExecutor.java:191)\r\n\tat org.openqa.selenium.remote.service.DriverCommandExecutor.invokeExecute(DriverCommandExecutor.java:196)\r\n\tat org.openqa.selenium.remote.service.DriverCommandExecutor.execute(DriverCommandExecutor.java:171)\r\n\tat org.openqa.selenium.remote.RemoteWebDriver.execute(RemoteWebDriver.java:602)\r\n\tat org.openqa.selenium.remote.ElementLocation$ElementFinder$2.findElement(ElementLocation.java:165)\r\n\tat org.openqa.selenium.remote.ElementLocation.findElement(ElementLocation.java:59)\r\n\tat org.openqa.selenium.remote.RemoteWebDriver.findElement(RemoteWebDriver.java:359)\r\n\tat org.openqa.selenium.remote.RemoteWebDriver.findElement(RemoteWebDriver.java:353)\r\n\tat stepdefinitions.Login.click_on_my_account_icon(Login.java:35)\r\n\tat ✽.Click on My Account Icon(file:///C:/Users/91886/IdeaProjects/SeleniumWithCucumber/src/main/java/features/Login.feature:5)\r\n","duration":42991000,"status":"failed"},"line":5,"name":"Click on My Account Icon","match":{"location":"stepdefinitions.Login.click_on_my_account_icon()"},"keyword":"When "},{"result":{"status":"skipped"},"line":6,"name":"Click on Login Link","match":{"location":"stepdefinitions.Login.click_on_login_link()"},"keyword":"And "}]},{"start_timestamp":"2023-12-15T14:05:43.753Z","before":[{"result":{"duration":1993600,"status":"passed"},"match":{"location":"stepdefinitions.Hooks.setUp()"}}],"line":9,"name":"To verify functionality of login page when correct email and correct password is entered","description":"","id":"validating-login-test-cases;to-verify-functionality-of-login-page-when-correct-email-and-correct-password-is-entered","after":[{"result":{"status":"passed"},"match":{"location":"stepdefinitions.Hooks.tearDown()"}}],"type":"scenario","keyword":"Scenario","steps":[{"result":{"status":"skipped"},"line":11,"name":"Enter correct email","match":{"location":"stepdefinitions.Login.enter_correct_email()"},"keyword":"And "},{"result":{"status":"skipped"},"line":12,"name":"Enter correct password","match":{"location":"stepdefinitions.Login.enter_correct_password()"},"keyword":"And "},{"result":{"duration":999900,"status":"skipped"},"line":13,"name":"Click on Login button","match":{"location":"stepdefinitions.Login.click_on_login_button()"},"keyword":"When "},{"result":{"status":"skipped"},"line":14,"name":"User should be able to Login Successfully","match":{"location":"stepdefinitions.Login.user_should_be_able_to_login_successfully()"},"keyword":"Then "},{"result":{"status":"skipped"},"line":15,"name":"Close the browser","match":{"location":"stepdefinitions.Login.close_the_browser()"},"keyword":"And "}],"tags":[{"name":"@Sanity"}]},{"line":2,"name":"","description":"","type":"background","keyword":"Background","steps":[{"result":{"duration":1258588400,"status":"passed"},"line":3,"name":"Open the browser","match":{"location":"stepdefinitions.Login.open_the_browser()"},"keyword":"Given "},{"result":{"error_message":"org.openqa.selenium.NoSuchWindowException: no such window: target window already closed\nfrom unknown error: web view not found\n  (Session info: chrome=120.0.6099.109)\nBuild info: version: '4.12.1', revision: '8e34639b11'\nSystem info: os.name: 'Windows 11', os.arch: 'amd64', os.version: '10.0', java.version: '17.0.7'\nDriver info: org.openqa.selenium.chrome.ChromeDriver\nCommand: [b6f647e73cf5b906d1ef2360d231edf6, refresh {}]\nCapabilities {acceptInsecureCerts: false, browserName: chrome, browserVersion: 120.0.6099.109, chrome: {chromedriverVersion: 120.0.6099.71 (9729082fe617..., userDataDir: C:\\Users\\91886\\AppData\\Loca...}, fedcm:accounts: true, goog:chromeOptions: {debuggerAddress: localhost:62527}, networkConnectionEnabled: false, pageLoadStrategy: normal, platformName: windows, proxy: Proxy(), se:cdp: ws://localhost:62527/devtoo..., se:cdpVersion: 120.0.6099.109, setWindowRect: true, strictFileInteractability: false, timeouts: {implicit: 0, pageLoad: 300000, script: 30000}, unhandledPromptBehavior: dismiss and notify, webauthn:extension:credBlob: true, webauthn:extension:largeBlob: true, webauthn:extension:minPinLength: true, webauthn:extension:prf: true, webauthn:virtualAuthenticators: true}\nSession ID: b6f647e73cf5b906d1ef2360d231edf6\r\n\tat java.base/jdk.internal.reflect.NativeConstructorAccessorImpl.newInstance0(Native Method)\r\n\tat java.base/jdk.internal.reflect.NativeConstructorAccessorImpl.newInstance(NativeConstructorAccessorImpl.java:77)\r\n\tat java.base/jdk.internal.reflect.DelegatingConstructorAccessorImpl.newInstance(DelegatingConstructorAccessorImpl.java:45)\r\n\tat java.base/java.lang.reflect.Constructor.newInstanceWithCaller(Constructor.java:499)\r\n\tat java.base/java.lang.reflect.Constructor.newInstance(Constructor.java:480)\r\n\tat org.openqa.selenium.remote.codec.w3c.W3CHttpResponseCodec.createException(W3CHttpResponseCodec.java:200)\r\n\tat org.openqa.selenium.remote.codec.w3c.W3CHttpResponseCodec.decode(W3CHttpResponseCodec.java:133)\r\n\tat org.openqa.selenium.remote.codec.w3c.W3CHttpResponseCodec.decode(W3CHttpResponseCodec.java:52)\r\n\tat org.openqa.selenium.remote.HttpCommandExecutor.execute(HttpCommandExecutor.java:191)\r\n\tat org.openqa.selenium.remote.service.DriverCommandExecutor.invokeExecute(DriverCommandExecutor.java:196)\r\n\tat org.openqa.selenium.remote.service.DriverCommandExecutor.execute(DriverCommandExecutor.java:171)\r\n\tat org.openqa.selenium.remote.RemoteWebDriver.execute(RemoteWebDriver.java:602)\r\n\tat org.openqa.selenium.remote.RemoteWebDriver.execute(RemoteWebDriver.java:675)\r\n\tat org.openqa.selenium.remote.RemoteWebDriver.execute(RemoteWebDriver.java:679)\r\n\tat org.openqa.selenium.remote.RemoteWebDriver$RemoteNavigation.refresh(RemoteWebDriver.java:1101)\r\n\tat stepdefinitions.Login.enter_the_application_url(Login.java:29)\r\n\tat ✽.Enter the application url(file:///C:/Users/91886/IdeaProjects/SeleniumWithCucumber/src/main/java/features/Login.feature:4)\r\n","duration":1252551700,"status":"failed"},"line":4,"name":"Enter the application url","match":{"location":"stepdefinitions.Login.enter_the_application_url()"},"keyword":"And "},{"result":{"status":"skipped"},"line":5,"name":"Click on My Account Icon","match":{"location":"stepdefinitions.Login.click_on_my_account_icon()"},"keyword":"When "},{"result":{"status":"skipped"},"line":6,"name":"Click on Login Link","match":{"location":"stepdefinitions.Login.click_on_login_link()"},"keyword":"And "}]},{"start_timestamp":"2023-12-15T14:05:51.481Z","before":[{"result":{"duration":993200,"status":"passed"},"match":{"location":"stepdefinitions.Hooks.setUp()"}}],"line":20,"name":"To verify functionality of login page when correct email and correct password is entered from feature File using Regular Expression","description":"","id":"validating-login-test-cases;to-verify-functionality-of-login-page-when-correct-email-and-correct-password-is-entered-from-feature-file-using-regular-expression","after":[{"result":{"status":"passed"},"match":{"location":"stepdefinitions.Hooks.tearDown()"}}],"type":"scenario","keyword":"Scenario","steps":[{"result":{"duration":991600,"status":"skipped"},"line":22,"name":"Enter correct email as \"kerrie.wright@gmail.com\"","match":{"arguments":[{"val":"\"kerrie.wright@gmail.com\"","offset":23}],"location":"stepdefinitions.Login.enter_correct_email_as(java.lang.String)"},"keyword":"And "},{"result":{"status":"skipped"},"line":23,"name":"Enter correct password as \"test@1234\"","match":{"arguments":[{"val":"\"test@1234\"","offset":26}],"location":"stepdefinitions.Login.enter_correct_password_as(java.lang.String)"},"keyword":"And "},{"result":{"status":"skipped"},"line":24,"name":"Click on Login button","match":{"location":"stepdefinitions.Login.click_on_login_button()"},"keyword":"When "},{"result":{"status":"skipped"},"line":25,"name":"User should be able to Login Successfully","match":{"location":"stepdefinitions.Login.user_should_be_able_to_login_successfully()"},"keyword":"Then "},{"result":{"status":"skipped"},"line":26,"name":"Close the browser","match":{"location":"stepdefinitions.Login.close_the_browser()"},"keyword":"And "}],"tags":[{"name":"@Sanity"}]}],"name":"Validating Login Test cases","description":"","id":"validating-login-test-cases","keyword":"Feature","uri":"file:src/main/java/features/Login.feature","tags":[]}]